mode: set
github.com/endge-lab/service-kit-go/config/app.go:18.43,20.2 1 1
github.com/endge-lab/service-kit-go/config/app.go:22.44,24.2 1 1
github.com/endge-lab/service-kit-go/config/app.go:26.47,28.2 1 1
github.com/endge-lab/service-kit-go/config/app.go:30.49,32.2 1 1
github.com/endge-lab/service-kit-go/config/app.go:34.47,36.2 1 1
github.com/endge-lab/service-kit-go/config/auth.go:28.46,30.2 1 1
github.com/endge-lab/service-kit-go/config/auth.go:32.51,34.2 1 1
github.com/endge-lab/service-kit-go/config/auth.go:36.47,38.2 1 1
github.com/endge-lab/service-kit-go/config/auth.go:40.57,42.2 1 1
github.com/endge-lab/service-kit-go/config/auth.go:44.49,46.2 1 1
github.com/endge-lab/service-kit-go/config/auth.go:48.60,50.2 1 1
github.com/endge-lab/service-kit-go/config/auth.go:52.55,54.2 1 1
github.com/endge-lab/service-kit-go/config/auth.go:56.45,58.2 1 1
github.com/endge-lab/service-kit-go/config/config.go:6.37,8.2 1 1
github.com/endge-lab/service-kit-go/config/defaults.go:5.56,60.2 1 1
github.com/endge-lab/service-kit-go/config/defaults.go:62.59,63.35 1 1
github.com/endge-lab/service-kit-go/config/defaults.go:63.35,65.3 1 1
github.com/endge-lab/service-kit-go/config/env.go:13.43,68.2 1 1
github.com/endge-lab/service-kit-go/config/env.go:70.66,71.34 1 1
github.com/endge-lab/service-kit-go/config/env.go:71.34,73.44 2 1
github.com/endge-lab/service-kit-go/config/env.go:73.44,75.4 1 0
github.com/endge-lab/service-kit-go/config/env.go:78.2,78.12 1 1
github.com/endge-lab/service-kit-go/config/env.go:81.58,82.81 1 1
github.com/endge-lab/service-kit-go/config/env.go:82.81,85.3 2 1
github.com/endge-lab/service-kit-go/config/env.go:87.2,92.52 5 1
github.com/endge-lab/service-kit-go/config/env.go:92.52,96.3 3 1
github.com/endge-lab/service-kit-go/config/env.go:99.35,100.79 1 1
github.com/endge-lab/service-kit-go/config/env.go:100.79,101.62 1 1
github.com/endge-lab/service-kit-go/config/env.go:101.62,103.4 1 1
github.com/endge-lab/service-kit-go/config/env.go:106.2,106.29 1 1
github.com/endge-lab/service-kit-go/config/env.go:109.31,114.52 4 1
github.com/endge-lab/service-kit-go/config/env.go:114.52,116.3 1 1
github.com/endge-lab/service-kit-go/config/env.go:118.2,118.33 1 1
github.com/endge-lab/service-kit-go/config/env.go:118.33,119.61 1 1
github.com/endge-lab/service-kit-go/config/env.go:119.61,121.43 2 1
github.com/endge-lab/service-kit-go/config/env.go:121.43,122.13 1 0
github.com/endge-lab/service-kit-go/config/env.go:124.4,126.47 2 1
github.com/endge-lab/service-kit-go/config/env.go:126.47,128.5 1 0
github.com/endge-lab/service-kit-go/config/env.go:133.55,136.45 2 1
github.com/endge-lab/service-kit-go/config/env.go:137.21,138.86 1 1
github.com/endge-lab/service-kit-go/config/env.go:139.15,140.86 1 1
github.com/endge-lab/service-kit-go/config/env.go:141.20,142.59 1 1
github.com/endge-lab/service-kit-go/config/env.go:143.10,144.26 1 0
github.com/endge-lab/service-kit-go/config/env.go:144.26,146.4 1 0
github.com/endge-lab/service-kit-go/config/env.go:147.3,147.101 1 0
github.com/endge-lab/service-kit-go/config/http.go:16.45,18.2 1 1
github.com/endge-lab/service-kit-go/config/http.go:20.59,22.2 1 1
github.com/endge-lab/service-kit-go/config/http.go:24.46,26.2 1 1
github.com/endge-lab/service-kit-go/config/loader.go:11.50,21.42 8 1
github.com/endge-lab/service-kit-go/config/loader.go:21.42,23.3 1 0
github.com/endge-lab/service-kit-go/config/loader.go:24.2,26.41 2 1
github.com/endge-lab/service-kit-go/config/loader.go:26.41,28.3 1 0
github.com/endge-lab/service-kit-go/config/loader.go:30.2,31.105 2 1
github.com/endge-lab/service-kit-go/config/loader.go:31.105,33.3 1 0
github.com/endge-lab/service-kit-go/config/loader.go:35.2,36.39 2 1
github.com/endge-lab/service-kit-go/config/loader.go:36.39,38.3 1 1
github.com/endge-lab/service-kit-go/config/loader.go:40.2,40.18 1 1
github.com/endge-lab/service-kit-go/config/logger.go:11.55,13.2 1 1
github.com/endge-lab/service-kit-go/config/metrics.go:15.49,17.2 1 1
github.com/endge-lab/service-kit-go/config/metrics.go:19.55,21.2 1 1
github.com/endge-lab/service-kit-go/config/metrics.go:23.55,25.2 1 1
github.com/endge-lab/service-kit-go/config/normalize.go:8.37,19.2 10 1
github.com/endge-lab/service-kit-go/config/normalize.go:21.40,26.2 4 1
github.com/endge-lab/service-kit-go/config/normalize.go:28.41,31.2 2 1
github.com/endge-lab/service-kit-go/config/normalize.go:33.43,35.2 1 1
github.com/endge-lab/service-kit-go/config/normalize.go:37.44,40.2 2 1
github.com/endge-lab/service-kit-go/config/normalize.go:42.42,46.23 4 1
github.com/endge-lab/service-kit-go/config/normalize.go:46.23,48.3 1 0
github.com/endge-lab/service-kit-go/config/normalize.go:51.41,56.25 5 1
github.com/endge-lab/service-kit-go/config/normalize.go:56.25,58.3 1 1
github.com/endge-lab/service-kit-go/config/normalize.go:59.2,59.30 1 1
github.com/endge-lab/service-kit-go/config/normalize.go:59.30,61.3 1 1
github.com/endge-lab/service-kit-go/config/normalize.go:64.45,72.26 8 1
github.com/endge-lab/service-kit-go/config/normalize.go:72.26,74.3 1 1
github.com/endge-lab/service-kit-go/config/normalize.go:75.2,75.33 1 1
github.com/endge-lab/service-kit-go/config/normalize.go:75.33,77.3 1 1
github.com/endge-lab/service-kit-go/config/normalize.go:78.2,78.29 1 1
github.com/endge-lab/service-kit-go/config/normalize.go:78.29,80.3 1 1
github.com/endge-lab/service-kit-go/config/normalize.go:81.2,81.37 1 1
github.com/endge-lab/service-kit-go/config/normalize.go:81.37,83.3 1 1
github.com/endge-lab/service-kit-go/config/normalize.go:84.2,84.37 1 1
github.com/endge-lab/service-kit-go/config/normalize.go:84.37,86.3 1 1
github.com/endge-lab/service-kit-go/config/normalize.go:89.46,91.2 1 1
github.com/endge-lab/service-kit-go/config/normalize.go:93.45,96.33 3 1
github.com/endge-lab/service-kit-go/config/normalize.go:96.33,98.3 1 1
github.com/endge-lab/service-kit-go/config/normalize.go:99.2,99.38 1 1
github.com/endge-lab/service-kit-go/config/normalize.go:99.38,101.3 1 1
github.com/endge-lab/service-kit-go/config/normalize.go:102.2,102.34 1 1
github.com/endge-lab/service-kit-go/config/normalize.go:102.34,104.3 1 1
github.com/endge-lab/service-kit-go/config/normalize.go:105.2,105.31 1 1
github.com/endge-lab/service-kit-go/config/normalize.go:105.31,107.3 1 1
github.com/endge-lab/service-kit-go/config/normalize.go:110.40,114.2 3 1
github.com/endge-lab/service-kit-go/config/normalize.go:116.55,117.51 1 1
github.com/endge-lab/service-kit-go/config/normalize.go:118.32,119.23 1 1
github.com/endge-lab/service-kit-go/config/normalize.go:120.70,121.17 1 1
github.com/endge-lab/service-kit-go/config/normalize.go:122.28,123.22 1 1
github.com/endge-lab/service-kit-go/config/normalize.go:124.10,125.34 1 0
github.com/endge-lab/service-kit-go/config/normalize.go:129.46,130.17 1 1
github.com/endge-lab/service-kit-go/config/normalize.go:130.17,132.3 1 1
github.com/endge-lab/service-kit-go/config/normalize.go:133.2,133.35 1 1
github.com/endge-lab/service-kit-go/config/normalize.go:133.35,135.3 1 1
github.com/endge-lab/service-kit-go/config/normalize.go:136.2,136.20 1 1
github.com/endge-lab/service-kit-go/config/postgres.go:44.48,46.2 1 1
github.com/endge-lab/service-kit-go/config/postgres.go:48.49,50.2 1 1
github.com/endge-lab/service-kit-go/config/postgres.go:52.53,54.2 1 1
github.com/endge-lab/service-kit-go/config/postgres.go:56.49,58.2 1 1
github.com/endge-lab/service-kit-go/config/postgres.go:60.46,62.2 1 1
github.com/endge-lab/service-kit-go/config/postgres.go:64.53,66.2 1 1
github.com/endge-lab/service-kit-go/config/postgres.go:68.51,70.2 1 1
github.com/endge-lab/service-kit-go/config/postgres.go:72.60,74.2 1 1
github.com/endge-lab/service-kit-go/config/postgres.go:76.52,78.2 1 1
github.com/endge-lab/service-kit-go/config/postgres.go:80.53,82.2 1 1
github.com/endge-lab/service-kit-go/config/postgres.go:84.49,86.2 1 1
github.com/endge-lab/service-kit-go/config/postgres.go:88.67,90.2 1 1
github.com/endge-lab/service-kit-go/config/postgres.go:92.67,94.2 1 1
github.com/endge-lab/service-kit-go/config/postgres.go:96.45,97.36 1 1
github.com/endge-lab/service-kit-go/config/postgres.go:97.36,99.3 1 1
github.com/endge-lab/service-kit-go/config/postgres.go:101.2,111.20 5 1
github.com/endge-lab/service-kit-go/config/postgres.go:111.20,113.3 1 1
github.com/endge-lab/service-kit-go/config/postgres.go:114.2,116.21 2 1
github.com/endge-lab/service-kit-go/config/redis.go:22.46,24.2 1 1
github.com/endge-lab/service-kit-go/config/redis.go:26.43,28.2 1 1
github.com/endge-lab/service-kit-go/config/redis.go:30.50,32.2 1 1
github.com/endge-lab/service-kit-go/config/redis.go:34.50,36.2 1 1
github.com/endge-lab/service-kit-go/config/redis.go:38.47,40.2 1 1
github.com/endge-lab/service-kit-go/config/redis.go:42.43,44.2 1 1
github.com/endge-lab/service-kit-go/config/redpanda.go:26.50,28.2 1 1
github.com/endge-lab/service-kit-go/config/redpanda.go:30.52,32.2 1 1
github.com/endge-lab/service-kit-go/config/redpanda.go:34.53,36.2 1 1
github.com/endge-lab/service-kit-go/config/redpanda.go:38.63,40.2 1 1
github.com/endge-lab/service-kit-go/config/redpanda.go:42.68,44.2 1 1
github.com/endge-lab/service-kit-go/config/redpanda.go:46.64,48.2 1 1
github.com/endge-lab/service-kit-go/config/redpanda.go:50.54,51.40 1 1
github.com/endge-lab/service-kit-go/config/redpanda.go:51.40,53.3 1 1
github.com/endge-lab/service-kit-go/config/redpanda.go:55.2,58.29 3 1
github.com/endge-lab/service-kit-go/config/redpanda.go:58.29,60.19 2 1
github.com/endge-lab/service-kit-go/config/redpanda.go:60.19,61.12 1 1
github.com/endge-lab/service-kit-go/config/redpanda.go:63.3,63.36 1 1
github.com/endge-lab/service-kit-go/config/redpanda.go:66.2,66.16 1 1
github.com/endge-lab/service-kit-go/config/service_config.go:29.56,31.2 1 1
github.com/endge-lab/service-kit-go/config/service_config.go:33.58,35.2 1 1
github.com/endge-lab/service-kit-go/config/service_config.go:37.62,39.2 1 1
github.com/endge-lab/service-kit-go/config/service_config.go:41.64,43.2 1 1
github.com/endge-lab/service-kit-go/config/service_config.go:45.60,47.2 1 1
github.com/endge-lab/service-kit-go/config/service_config.go:49.66,51.2 1 1
github.com/endge-lab/service-kit-go/config/service_config.go:53.58,55.2 1 1
github.com/endge-lab/service-kit-go/config/service_config.go:57.68,59.2 1 1
github.com/endge-lab/service-kit-go/config/service_config.go:61.66,63.2 1 1
github.com/endge-lab/service-kit-go/config/service_config.go:65.56,67.2 1 1
github.com/endge-lab/service-kit-go/config/telemetry.go:15.51,17.2 1 1
github.com/endge-lab/service-kit-go/config/telemetry.go:19.58,21.2 1 1
github.com/endge-lab/service-kit-go/config/telemetry.go:23.56,25.2 1 1
github.com/endge-lab/service-kit-go/config/tls.go:21.45,23.2 1 1
github.com/endge-lab/service-kit-go/config/tls.go:25.48,27.2 1 1
github.com/endge-lab/service-kit-go/config/tls.go:29.47,31.2 1 1
github.com/endge-lab/service-kit-go/config/tls.go:33.46,35.2 1 1
github.com/endge-lab/service-kit-go/config/tls.go:37.56,39.2 1 1
github.com/endge-lab/service-kit-go/config/validate.go:5.41,6.40 1 1
github.com/endge-lab/service-kit-go/config/validate.go:6.40,8.3 1 1
github.com/endge-lab/service-kit-go/config/validate.go:9.2,9.41 1 1
github.com/endge-lab/service-kit-go/config/validate.go:9.41,11.3 1 1
github.com/endge-lab/service-kit-go/config/validate.go:12.2,12.42 1 1
github.com/endge-lab/service-kit-go/config/validate.go:12.42,14.3 1 1
github.com/endge-lab/service-kit-go/config/validate.go:15.2,15.41 1 1
github.com/endge-lab/service-kit-go/config/validate.go:15.41,17.3 1 1
github.com/endge-lab/service-kit-go/config/validate.go:18.2,18.45 1 1
github.com/endge-lab/service-kit-go/config/validate.go:18.45,20.3 1 1
github.com/endge-lab/service-kit-go/config/validate.go:21.2,21.46 1 1
github.com/endge-lab/service-kit-go/config/validate.go:21.46,23.3 1 1
github.com/endge-lab/service-kit-go/config/validate.go:24.2,24.45 1 1
github.com/endge-lab/service-kit-go/config/validate.go:24.45,26.3 1 1
github.com/endge-lab/service-kit-go/config/validate.go:27.2,27.40 1 1
github.com/endge-lab/service-kit-go/config/validate.go:27.40,29.3 1 1
github.com/endge-lab/service-kit-go/config/validate.go:31.2,31.12 1 1
github.com/endge-lab/service-kit-go/config/validate.go:34.44,35.9 1 1
github.com/endge-lab/service-kit-go/config/validate.go:36.24,37.51 1 1
github.com/endge-lab/service-kit-go/config/validate.go:38.29,39.57 1 0
github.com/endge-lab/service-kit-go/config/validate.go:40.10,41.13 1 1
github.com/endge-lab/service-kit-go/config/validate.go:45.45,46.9 1 1
github.com/endge-lab/service-kit-go/config/validate.go:47.25,48.52 1 1
github.com/endge-lab/service-kit-go/config/validate.go:49.39,50.68 1 1
github.com/endge-lab/service-kit-go/config/validate.go:51.10,52.13 1 1
github.com/endge-lab/service-kit-go/config/validate.go:56.46,57.9 1 1
github.com/endge-lab/service-kit-go/config/validate.go:58.26,59.53 1 1
github.com/endge-lab/service-kit-go/config/validate.go:60.25,61.58 1 1
github.com/endge-lab/service-kit-go/config/validate.go:62.10,63.13 1 1
github.com/endge-lab/service-kit-go/config/validate.go:67.45,68.9 1 1
github.com/endge-lab/service-kit-go/config/validate.go:69.49,70.89 1 1
github.com/endge-lab/service-kit-go/config/validate.go:71.45,72.84 1 1
github.com/endge-lab/service-kit-go/config/validate.go:73.10,74.13 1 1
github.com/endge-lab/service-kit-go/config/validate.go:78.49,79.9 1 1
github.com/endge-lab/service-kit-go/config/validate.go:80.53,81.90 1 1
github.com/endge-lab/service-kit-go/config/validate.go:82.53,83.90 1 1
github.com/endge-lab/service-kit-go/config/validate.go:84.57,85.94 1 1
github.com/endge-lab/service-kit-go/config/validate.go:86.10,87.13 1 1
github.com/endge-lab/service-kit-go/config/validate.go:91.50,92.59 1 1
github.com/endge-lab/service-kit-go/config/validate.go:92.59,94.3 1 1
github.com/endge-lab/service-kit-go/config/validate.go:96.2,96.12 1 1
github.com/endge-lab/service-kit-go/config/validate.go:99.49,100.61 1 1
github.com/endge-lab/service-kit-go/config/validate.go:100.61,102.3 1 1
github.com/endge-lab/service-kit-go/config/validate.go:104.2,104.12 1 1
github.com/endge-lab/service-kit-go/config/validate.go:107.44,108.9 1 1
github.com/endge-lab/service-kit-go/config/validate.go:109.45,110.85 1 1
github.com/endge-lab/service-kit-go/config/validate.go:111.44,112.84 1 1
github.com/endge-lab/service-kit-go/config/validate.go:113.10,114.13 1 1
github.com/endge-lab/service-kit-go/pkg/breaker/shared.go:29.76,32.16 2 1
github.com/endge-lab/service-kit-go/pkg/breaker/shared.go:32.16,34.3 1 1
github.com/endge-lab/service-kit-go/pkg/breaker/shared.go:36.2,42.62 1 1
github.com/endge-lab/service-kit-go/pkg/breaker/shared.go:42.62,43.25 1 1
github.com/endge-lab/service-kit-go/pkg/breaker/shared.go:43.25,48.5 1 0
github.com/endge-lab/service-kit-go/pkg/breaker/shared.go:52.2,57.45 4 1
github.com/endge-lab/service-kit-go/pkg/breaker/shared.go:57.45,59.3 1 1
github.com/endge-lab/service-kit-go/pkg/breaker/shared.go:61.2,63.21 2 1
github.com/endge-lab/service-kit-go/pkg/breaker/shared.go:67.64,73.2 4 1
github.com/endge-lab/service-kit-go/pkg/breaker/shared.go:75.64,76.20 1 1
github.com/endge-lab/service-kit-go/pkg/breaker/shared.go:76.20,78.3 1 1
github.com/endge-lab/service-kit-go/pkg/breaker/shared.go:80.2,80.22 1 1
github.com/endge-lab/service-kit-go/pkg/breaker/shared.go:80.22,82.3 1 1
github.com/endge-lab/service-kit-go/pkg/breaker/shared.go:84.2,84.23 1 1
github.com/endge-lab/service-kit-go/pkg/breaker/shared.go:84.23,86.3 1 1
github.com/endge-lab/service-kit-go/pkg/breaker/shared.go:88.2,88.26 1 1
github.com/endge-lab/service-kit-go/pkg/breaker/shared.go:88.26,90.3 1 1
github.com/endge-lab/service-kit-go/pkg/breaker/shared.go:92.2,92.28 1 1
github.com/endge-lab/service-kit-go/pkg/breaker/shared.go:92.28,93.56 1 1
github.com/endge-lab/service-kit-go/pkg/breaker/shared.go:93.56,95.4 1 1
github.com/endge-lab/service-kit-go/pkg/breaker/shared.go:98.2,98.17 1 1
github.com/endge-lab/service-kit-go/pkg/breaker/shared.go:102.60,104.9 2 1
github.com/endge-lab/service-kit-go/pkg/breaker/shared.go:104.9,105.38 1 1
github.com/endge-lab/service-kit-go/pkg/breaker/shared.go:108.2,108.10 1 1
github.com/endge-lab/service-kit-go/pkg/auth/access.go:35.39,37.2 1 1
github.com/endge-lab/service-kit-go/pkg/auth/access.go:40.58,41.23 1 1
github.com/endge-lab/service-kit-go/pkg/auth/access.go:41.23,43.3 1 1
github.com/endge-lab/service-kit-go/pkg/auth/access.go:44.2,45.37 2 1
github.com/endge-lab/service-kit-go/pkg/auth/access.go:45.37,47.3 1 1
github.com/endge-lab/service-kit-go/pkg/auth/access.go:49.2,49.41 1 1
github.com/endge-lab/service-kit-go/pkg/auth/access.go:49.41,50.65 1 1
github.com/endge-lab/service-kit-go/pkg/auth/access.go:50.65,52.4 1 1
github.com/endge-lab/service-kit-go/pkg/auth/access.go:55.2,55.14 1 1
github.com/endge-lab/service-kit-go/pkg/auth/access.go:59.54,60.23 1 1
github.com/endge-lab/service-kit-go/pkg/auth/access.go:60.23,62.3 1 0
github.com/endge-lab/service-kit-go/pkg/auth/access.go:63.2,64.37 2 1
github.com/endge-lab/service-kit-go/pkg/auth/access.go:64.37,66.3 1 1
github.com/endge-lab/service-kit-go/pkg/auth/access.go:68.2,68.39 1 1
github.com/endge-lab/service-kit-go/pkg/auth/access.go:68.39,69.57 1 1
github.com/endge-lab/service-kit-go/pkg/auth/access.go:69.57,71.4 1 1
github.com/endge-lab/service-kit-go/pkg/auth/access.go:73.2,73.44 1 1
github.com/endge-lab/service-kit-go/pkg/auth/access.go:73.44,74.39 1 1
github.com/endge-lab/service-kit-go/pkg/auth/access.go:74.39,75.58 1 1
github.com/endge-lab/service-kit-go/pkg/auth/access.go:75.58,77.5 1 1
github.com/endge-lab/service-kit-go/pkg/auth/access.go:81.2,81.14 1 0
github.com/endge-lab/service-kit-go/pkg/auth/access.go:85.64,86.23 1 1
github.com/endge-lab/service-kit-go/pkg/auth/access.go:86.23,88.3 1 1
github.com/endge-lab/service-kit-go/pkg/auth/access.go:89.2,90.37 2 1
github.com/endge-lab/service-kit-go/pkg/auth/access.go:90.37,92.3 1 1
github.com/endge-lab/service-kit-go/pkg/auth/access.go:94.2,94.44 1 1
github.com/endge-lab/service-kit-go/pkg/auth/access.go:94.44,95.57 1 1
github.com/endge-lab/service-kit-go/pkg/auth/access.go:95.57,97.4 1 1
github.com/endge-lab/service-kit-go/pkg/auth/access.go:99.2,99.44 1 1
github.com/endge-lab/service-kit-go/pkg/auth/access.go:99.44,100.44 1 1
github.com/endge-lab/service-kit-go/pkg/auth/access.go:100.44,101.58 1 1
github.com/endge-lab/service-kit-go/pkg/auth/access.go:101.58,103.5 1 1
github.com/endge-lab/service-kit-go/pkg/auth/access.go:107.2,107.14 1 1
github.com/endge-lab/service-kit-go/pkg/auth/access.go:111.63,112.35 1 1
github.com/endge-lab/service-kit-go/pkg/auth/access.go:112.35,114.3 1 1
github.com/endge-lab/service-kit-go/pkg/auth/access.go:116.2,116.135 1 1
github.com/endge-lab/service-kit-go/pkg/auth/access.go:120.69,121.41 1 1
github.com/endge-lab/service-kit-go/pkg/auth/access.go:121.41,123.3 1 1
github.com/endge-lab/service-kit-go/pkg/auth/access.go:125.2,125.143 1 1
github.com/endge-lab/service-kit-go/pkg/auth/access.go:128.49,131.34 3 1
github.com/endge-lab/service-kit-go/pkg/auth/access.go:131.34,133.18 2 1
github.com/endge-lab/service-kit-go/pkg/auth/access.go:133.18,134.12 1 1
github.com/endge-lab/service-kit-go/pkg/auth/access.go:136.3,137.29 2 1
github.com/endge-lab/service-kit-go/pkg/auth/access.go:137.29,138.12 1 1
github.com/endge-lab/service-kit-go/pkg/auth/access.go:140.3,141.33 2 1
github.com/endge-lab/service-kit-go/pkg/auth/access.go:144.2,144.15 1 1
github.com/endge-lab/service-kit-go/pkg/auth/access.go:147.68,148.21 1 1
github.com/endge-lab/service-kit-go/pkg/auth/access.go:148.21,150.3 1 1
github.com/endge-lab/service-kit-go/pkg/auth/access.go:152.2,153.39 2 1
github.com/endge-lab/service-kit-go/pkg/auth/access.go:153.39,155.16 2 1
github.com/endge-lab/service-kit-go/pkg/auth/access.go:155.16,156.12 1 1
github.com/endge-lab/service-kit-go/pkg/auth/access.go:159.3,160.23 2 1
github.com/endge-lab/service-kit-go/pkg/auth/access.go:160.23,161.12 1 0
github.com/endge-lab/service-kit-go/pkg/auth/access.go:164.3,164.23 1 1
github.com/endge-lab/service-kit-go/pkg/auth/access.go:166.2,166.22 1 1
github.com/endge-lab/service-kit-go/pkg/auth/access.go:166.22,168.3 1 0
github.com/endge-lab/service-kit-go/pkg/auth/access.go:170.2,170.15 1 1
github.com/endge-lab/service-kit-go/pkg/auth/access.go:173.63,174.21 1 1
github.com/endge-lab/service-kit-go/pkg/auth/access.go:174.21,176.3 1 1
github.com/endge-lab/service-kit-go/pkg/auth/access.go:178.2,180.32 3 1
github.com/endge-lab/service-kit-go/pkg/auth/access.go:180.32,182.20 2 1
github.com/endge-lab/service-kit-go/pkg/auth/access.go:182.20,183.12 1 1
github.com/endge-lab/service-kit-go/pkg/auth/access.go:186.3,187.29 2 1
github.com/endge-lab/service-kit-go/pkg/auth/access.go:187.29,188.12 1 1
github.com/endge-lab/service-kit-go/pkg/auth/access.go:190.3,197.5 2 1
github.com/endge-lab/service-kit-go/pkg/auth/access.go:199.2,199.22 1 1
github.com/endge-lab/service-kit-go/pkg/auth/access.go:199.22,201.3 1 0
github.com/endge-lab/service-kit-go/pkg/auth/access.go:203.2,203.15 1 1
github.com/endge-lab/service-kit-go/pkg/auth/resolver.go:86.80,88.18 2 1
github.com/endge-lab/service-kit-go/pkg/auth/resolver.go:88.18,90.3 1 0
github.com/endge-lab/service-kit-go/pkg/auth/resolver.go:92.2,93.19 2 1
github.com/endge-lab/service-kit-go/pkg/auth/resolver.go:93.19,95.3 1 0
github.com/endge-lab/service-kit-go/pkg/auth/resolver.go:97.2,108.3 1 1
github.com/endge-lab/service-kit-go/pkg/auth/resolver.go:112.105,120.15 2 1
github.com/endge-lab/service-kit-go/pkg/auth/resolver.go:120.15,122.3 1 1
github.com/endge-lab/service-kit-go/pkg/auth/resolver.go:124.2,126.22 3 1
github.com/endge-lab/service-kit-go/pkg/auth/resolver.go:126.22,127.20 1 1
github.com/endge-lab/service-kit-go/pkg/auth/resolver.go:127.20,129.4 1 1
github.com/endge-lab/service-kit-go/pkg/auth/resolver.go:130.3,130.30 1 1
github.com/endge-lab/service-kit-go/pkg/auth/resolver.go:133.2,134.98 2 1
github.com/endge-lab/service-kit-go/pkg/auth/resolver.go:134.98,135.45 1 1
github.com/endge-lab/service-kit-go/pkg/auth/resolver.go:135.45,137.4 1 0
github.com/endge-lab/service-kit-go/pkg/auth/resolver.go:139.3,140.53 2 1
github.com/endge-lab/service-kit-go/pkg/auth/resolver.go:142.2,142.16 1 1
github.com/endge-lab/service-kit-go/pkg/auth/resolver.go:142.16,143.20 1 1
github.com/endge-lab/service-kit-go/pkg/auth/resolver.go:143.20,145.4 1 1
github.com/endge-lab/service-kit-go/pkg/auth/resolver.go:146.3,146.30 1 1
github.com/endge-lab/service-kit-go/pkg/auth/resolver.go:149.2,149.24 1 1
github.com/endge-lab/service-kit-go/pkg/auth/resolver.go:149.24,150.20 1 0
github.com/endge-lab/service-kit-go/pkg/auth/resolver.go:150.20,152.4 1 0
github.com/endge-lab/service-kit-go/pkg/auth/resolver.go:153.3,153.30 1 0
github.com/endge-lab/service-kit-go/pkg/auth/resolver.go:156.2,156.93 1 1
github.com/endge-lab/service-kit-go/pkg/auth/resolver.go:156.93,157.20 1 1
github.com/endge-lab/service-kit-go/pkg/auth/resolver.go:157.20,159.4 1 1
github.com/endge-lab/service-kit-go/pkg/auth/resolver.go:160.3,160.30 1 1
github.com/endge-lab/service-kit-go/pkg/auth/resolver.go:163.2,164.22 2 1
github.com/endge-lab/service-kit-go/pkg/auth/resolver.go:164.22,165.20 1 0
github.com/endge-lab/service-kit-go/pkg/auth/resolver.go:165.20,167.4 1 0
github.com/endge-lab/service-kit-go/pkg/auth/resolver.go:168.3,168.30 1 0
github.com/endge-lab/service-kit-go/pkg/auth/resolver.go:171.2,192.29 7 1
github.com/endge-lab/service-kit-go/pkg/auth/resolver.go:192.29,194.3 1 1
github.com/endge-lab/service-kit-go/pkg/auth/resolver.go:196.2,196.19 1 1
github.com/endge-lab/service-kit-go/pkg/auth/resolver.go:196.19,201.3 1 1
github.com/endge-lab/service-kit-go/pkg/auth/resolver.go:203.2,203.22 1 1
github.com/endge-lab/service-kit-go/pkg/auth/resolver.go:206.97,208.15 2 1
github.com/endge-lab/service-kit-go/pkg/auth/resolver.go:208.15,209.20 1 0
github.com/endge-lab/service-kit-go/pkg/auth/resolver.go:209.20,211.4 1 0
github.com/endge-lab/service-kit-go/pkg/auth/resolver.go:212.3,212.30 1 0
github.com/endge-lab/service-kit-go/pkg/auth/resolver.go:215.2,215.37 1 1
github.com/endge-lab/service-kit-go/pkg/auth/resolver.go:215.37,217.3 1 1
github.com/endge-lab/service-kit-go/pkg/auth/resolver.go:219.2,219.43 1 1
github.com/endge-lab/service-kit-go/pkg/auth/resolver.go:219.43,221.3 1 1
github.com/endge-lab/service-kit-go/pkg/auth/resolver.go:223.2,223.37 1 1
github.com/endge-lab/service-kit-go/pkg/auth/resolver.go:223.37,225.3 1 1
github.com/endge-lab/service-kit-go/pkg/auth/resolver.go:227.2,227.29 1 0
github.com/endge-lab/service-kit-go/pkg/auth/resolver.go:230.72,234.42 3 1
github.com/endge-lab/service-kit-go/pkg/auth/resolver.go:234.42,236.3 1 1
github.com/endge-lab/service-kit-go/pkg/auth/resolver.go:238.2,239.16 2 1
github.com/endge-lab/service-kit-go/pkg/auth/resolver.go:242.69,250.15 2 1
github.com/endge-lab/service-kit-go/pkg/auth/resolver.go:250.15,252.3 1 1
github.com/endge-lab/service-kit-go/pkg/auth/resolver.go:254.2,255.16 2 1
github.com/endge-lab/service-kit-go/pkg/auth/resolver.go:255.16,257.3 1 0
github.com/endge-lab/service-kit-go/pkg/auth/resolver.go:258.2,261.16 3 1
github.com/endge-lab/service-kit-go/pkg/auth/resolver.go:261.16,263.3 1 1
github.com/endge-lab/service-kit-go/pkg/auth/resolver.go:264.2,266.86 2 1
github.com/endge-lab/service-kit-go/pkg/auth/resolver.go:266.86,268.3 1 1
github.com/endge-lab/service-kit-go/pkg/auth/resolver.go:270.2,271.68 2 1
github.com/endge-lab/service-kit-go/pkg/auth/resolver.go:271.68,273.3 1 1
github.com/endge-lab/service-kit-go/pkg/auth/resolver.go:275.2,276.36 2 1
github.com/endge-lab/service-kit-go/pkg/auth/resolver.go:276.36,277.85 1 1
github.com/endge-lab/service-kit-go/pkg/auth/resolver.go:277.85,278.12 1 1
github.com/endge-lab/service-kit-go/pkg/auth/resolver.go:281.3,282.58 2 1
github.com/endge-lab/service-kit-go/pkg/auth/resolver.go:282.58,283.12 1 0
github.com/endge-lab/service-kit-go/pkg/auth/resolver.go:286.3,287.16 2 1
github.com/endge-lab/service-kit-go/pkg/auth/resolver.go:287.16,288.12 1 0
github.com/endge-lab/service-kit-go/pkg/auth/resolver.go:291.3,291.41 1 1
github.com/endge-lab/service-kit-go/pkg/auth/resolver.go:293.2,293.20 1 1
github.com/endge-lab/service-kit-go/pkg/auth/resolver.go:293.20,295.3 1 1
github.com/endge-lab/service-kit-go/pkg/auth/resolver.go:297.2,302.21 5 1
github.com/endge-lab/service-kit-go/pkg/auth/resolver.go:302.21,304.3 1 1
github.com/endge-lab/service-kit-go/pkg/auth/resolver.go:305.2,305.12 1 1
github.com/endge-lab/service-kit-go/pkg/auth/resolver.go:308.40,309.36 1 1
github.com/endge-lab/service-kit-go/pkg/auth/resolver.go:309.36,311.3 1 1
github.com/endge-lab/service-kit-go/pkg/auth/resolver.go:313.2,313.48 1 1
github.com/endge-lab/service-kit-go/pkg/auth/resolver.go:316.73,317.23 1 1
github.com/endge-lab/service-kit-go/pkg/auth/resolver.go:317.23,319.3 1 0
github.com/endge-lab/service-kit-go/pkg/auth/resolver.go:321.2,321.37 1 1
github.com/endge-lab/service-kit-go/pkg/auth/resolver.go:321.37,322.40 1 1
github.com/endge-lab/service-kit-go/pkg/auth/resolver.go:322.40,323.90 1 1
github.com/endge-lab/service-kit-go/pkg/auth/resolver.go:323.90,325.5 1 1
github.com/endge-lab/service-kit-go/pkg/auth/resolver.go:329.2,329.14 1 1
github.com/endge-lab/service-kit-go/pkg/auth/resolver.go:332.56,333.24 1 1
github.com/endge-lab/service-kit-go/pkg/auth/resolver.go:333.24,335.3 1 0
github.com/endge-lab/service-kit-go/pkg/auth/resolver.go:337.2,337.39 1 1
github.com/endge-lab/service-kit-go/pkg/auth/resolver.go:340.45,341.31 1 1
github.com/endge-lab/service-kit-go/pkg/auth/resolver.go:341.31,342.57 1 1
github.com/endge-lab/service-kit-go/pkg/auth/resolver.go:342.57,344.4 1 1
github.com/endge-lab/service-kit-go/pkg/auth/resolver.go:347.2,347.11 1 1
github.com/endge-lab/service-kit-go/pkg/auth/fiber/middleware.go:32.83,37.2 1 1
github.com/endge-lab/service-kit-go/pkg/auth/fiber/middleware.go:40.71,41.34 1 1
github.com/endge-lab/service-kit-go/pkg/auth/fiber/middleware.go:41.34,42.67 1 1
github.com/endge-lab/service-kit-go/pkg/auth/fiber/middleware.go:42.67,44.4 1 1
github.com/endge-lab/service-kit-go/pkg/auth/fiber/middleware.go:45.3,45.18 1 1
github.com/endge-lab/service-kit-go/pkg/auth/fiber/middleware.go:50.67,51.34 1 1
github.com/endge-lab/service-kit-go/pkg/auth/fiber/middleware.go:51.34,53.23 2 1
github.com/endge-lab/service-kit-go/pkg/auth/fiber/middleware.go:53.23,55.4 1 1
github.com/endge-lab/service-kit-go/pkg/auth/fiber/middleware.go:57.3,57.67 1 0
github.com/endge-lab/service-kit-go/pkg/auth/fiber/middleware.go:57.67,59.4 1 0
github.com/endge-lab/service-kit-go/pkg/auth/fiber/middleware.go:60.3,60.18 1 0
github.com/endge-lab/service-kit-go/pkg/auth/fiber/middleware.go:65.84,67.2 1 1
github.com/endge-lab/service-kit-go/pkg/auth/fiber/middleware.go:69.77,71.22 2 1
github.com/endge-lab/service-kit-go/pkg/auth/fiber/middleware.go:71.22,73.3 1 1
github.com/endge-lab/service-kit-go/pkg/auth/fiber/middleware.go:75.2,76.16 2 1
github.com/endge-lab/service-kit-go/pkg/auth/fiber/middleware.go:76.16,78.50 2 1
github.com/endge-lab/service-kit-go/pkg/auth/fiber/middleware.go:78.50,79.21 1 1
github.com/endge-lab/service-kit-go/pkg/auth/fiber/middleware.go:79.21,81.5 1 1
github.com/endge-lab/service-kit-go/pkg/auth/fiber/middleware.go:82.4,82.137 1 1
github.com/endge-lab/service-kit-go/pkg/auth/fiber/middleware.go:85.3,85.20 1 1
github.com/endge-lab/service-kit-go/pkg/auth/fiber/middleware.go:85.20,87.4 1 1
github.com/endge-lab/service-kit-go/pkg/auth/fiber/middleware.go:88.3,88.137 1 1
github.com/endge-lab/service-kit-go/pkg/auth/fiber/middleware.go:91.2,92.18 2 1
github.com/endge-lab/service-kit-go/pkg/auth/fiber/middleware.go:92.18,94.3 1 1
github.com/endge-lab/service-kit-go/pkg/auth/fiber/middleware.go:96.2,99.73 4 1
github.com/endge-lab/service-kit-go/pkg/auth/fiber/middleware.go:99.73,103.3 3 1
github.com/endge-lab/service-kit-go/pkg/auth/fiber/middleware.go:105.2,110.19 5 1
github.com/endge-lab/service-kit-go/pkg/auth/fiber/middleware.go:110.19,115.3 1 1
github.com/endge-lab/service-kit-go/pkg/auth/fiber/middleware.go:117.2,117.12 1 1
github.com/endge-lab/service-kit-go/pkg/auth/fiber/middleware.go:121.51,122.34 1 1
github.com/endge-lab/service-kit-go/pkg/auth/fiber/middleware.go:122.34,124.10 2 1
github.com/endge-lab/service-kit-go/pkg/auth/fiber/middleware.go:124.10,126.4 1 1
github.com/endge-lab/service-kit-go/pkg/auth/fiber/middleware.go:127.3,127.71 1 1
github.com/endge-lab/service-kit-go/pkg/auth/fiber/middleware.go:127.71,129.4 1 0
github.com/endge-lab/service-kit-go/pkg/auth/fiber/middleware.go:130.3,130.18 1 1
github.com/endge-lab/service-kit-go/pkg/auth/fiber/middleware.go:135.57,136.34 1 1
github.com/endge-lab/service-kit-go/pkg/auth/fiber/middleware.go:136.34,138.10 2 1
github.com/endge-lab/service-kit-go/pkg/auth/fiber/middleware.go:138.10,140.4 1 1
github.com/endge-lab/service-kit-go/pkg/auth/fiber/middleware.go:141.3,141.77 1 1
github.com/endge-lab/service-kit-go/pkg/auth/fiber/middleware.go:141.77,143.4 1 1
github.com/endge-lab/service-kit-go/pkg/auth/fiber/middleware.go:144.3,144.18 1 1
github.com/endge-lab/service-kit-go/pkg/auth/fiber/middleware.go:149.69,152.2 2 1
github.com/endge-lab/service-kit-go/pkg/auth/fiber/middleware.go:155.52,158.2 2 1
github.com/endge-lab/service-kit-go/pkg/auth/fiber/middleware.go:161.55,164.2 2 1
github.com/endge-lab/service-kit-go/pkg/auth/fiber/middleware.go:166.72,167.21 1 1
github.com/endge-lab/service-kit-go/pkg/auth/fiber/middleware.go:167.21,168.81 1 1
github.com/endge-lab/service-kit-go/pkg/auth/fiber/middleware.go:168.81,170.4 1 1
github.com/endge-lab/service-kit-go/pkg/auth/fiber/middleware.go:173.2,174.22 2 1
github.com/endge-lab/service-kit-go/pkg/auth/fiber/middleware.go:174.22,176.3 1 1
github.com/endge-lab/service-kit-go/pkg/auth/fiber/middleware.go:177.2,177.64 1 1
github.com/endge-lab/service-kit-go/pkg/auth/fiber/middleware.go:177.64,179.3 1 1
github.com/endge-lab/service-kit-go/pkg/auth/fiber/middleware.go:181.2,181.55 1 1
github.com/endge-lab/service-kit-go/pkg/httpkit/context.go:24.75,26.2 1 1
github.com/endge-lab/service-kit-go/pkg/httpkit/context.go:29.63,32.2 2 1
github.com/endge-lab/service-kit-go/pkg/httpkit/context.go:35.69,37.2 1 1
github.com/endge-lab/service-kit-go/pkg/httpkit/context.go:40.60,43.2 2 1
github.com/endge-lab/service-kit-go/pkg/httpkit/context.go:46.75,48.2 1 1
github.com/endge-lab/service-kit-go/pkg/httpkit/context.go:51.63,54.2 2 1
github.com/endge-lab/service-kit-go/pkg/httpkit/context.go:57.40,58.18 1 1
github.com/endge-lab/service-kit-go/pkg/httpkit/context.go:58.18,60.3 1 1
github.com/endge-lab/service-kit-go/pkg/httpkit/context.go:61.2,61.34 1 1
github.com/endge-lab/service-kit-go/pkg/httpkit/context.go:61.34,62.18 1 1
github.com/endge-lab/service-kit-go/pkg/httpkit/context.go:62.18,64.4 1 1
github.com/endge-lab/service-kit-go/pkg/httpkit/context.go:66.2,66.15 1 1
github.com/endge-lab/service-kit-go/pkg/errors/app_error.go:26.63,32.2 1 1
github.com/endge-lab/service-kit-go/pkg/errors/app_error.go:35.77,42.2 1 1
github.com/endge-lab/service-kit-go/pkg/errors/app_error.go:45.56,47.2 1 1
github.com/endge-lab/service-kit-go/pkg/errors/app_error.go:50.56,52.2 1 1
github.com/endge-lab/service-kit-go/pkg/errors/app_error.go:55.53,57.2 1 1
github.com/endge-lab/service-kit-go/pkg/errors/app_error.go:60.52,62.2 1 1
github.com/endge-lab/service-kit-go/pkg/errors/app_error.go:65.52,67.2 1 1
github.com/endge-lab/service-kit-go/pkg/errors/app_error.go:70.52,72.2 1 1
github.com/endge-lab/service-kit-go/pkg/errors/app_error.go:75.59,76.23 1 1
github.com/endge-lab/service-kit-go/pkg/errors/app_error.go:76.23,78.3 1 1
github.com/endge-lab/service-kit-go/pkg/errors/app_error.go:80.2,81.32 2 1
github.com/endge-lab/service-kit-go/pkg/errors/app_error.go:81.32,85.3 3 1
github.com/endge-lab/service-kit-go/pkg/errors/app_error.go:87.2,90.20 4 1
github.com/endge-lab/service-kit-go/pkg/errors/app_error.go:93.35,94.14 1 1
github.com/endge-lab/service-kit-go/pkg/errors/app_error.go:94.14,96.3 1 1
github.com/endge-lab/service-kit-go/pkg/errors/app_error.go:97.2,97.20 1 1
github.com/endge-lab/service-kit-go/pkg/errors/app_error.go:97.20,99.3 1 1
github.com/endge-lab/service-kit-go/pkg/errors/app_error.go:100.2,100.23 1 0
github.com/endge-lab/service-kit-go/pkg/errors/app_error.go:104.35,105.14 1 1
github.com/endge-lab/service-kit-go/pkg/errors/app_error.go:105.14,107.3 1 1
github.com/endge-lab/service-kit-go/pkg/errors/app_error.go:108.2,108.16 1 1
github.com/endge-lab/service-kit-go/pkg/errors/app_error.go:112.34,113.14 1 1
github.com/endge-lab/service-kit-go/pkg/errors/app_error.go:113.14,115.3 1 1
github.com/endge-lab/service-kit-go/pkg/errors/app_error.go:116.2,116.23 1 1
github.com/endge-lab/service-kit-go/pkg/errors/app_error.go:120.41,121.14 1 1
github.com/endge-lab/service-kit-go/pkg/errors/app_error.go:121.14,123.3 1 1
github.com/endge-lab/service-kit-go/pkg/errors/app_error.go:124.2,124.18 1 1
github.com/endge-lab/service-kit-go/pkg/errors/app_error.go:128.37,129.14 1 1
github.com/endge-lab/service-kit-go/pkg/errors/app_error.go:129.14,131.3 1 1
github.com/endge-lab/service-kit-go/pkg/errors/app_error.go:132.2,132.21 1 1
github.com/endge-lab/service-kit-go/pkg/errors/app_error.go:136.45,137.14 1 1
github.com/endge-lab/service-kit-go/pkg/errors/app_error.go:137.14,139.3 1 1
github.com/endge-lab/service-kit-go/pkg/errors/app_error.go:140.2,140.32 1 1
github.com/endge-lab/service-kit-go/pkg/errors/app_error.go:144.42,146.9 2 1
github.com/endge-lab/service-kit-go/pkg/errors/app_error.go:146.9,148.3 1 1
github.com/endge-lab/service-kit-go/pkg/errors/app_error.go:149.2,149.45 1 1
github.com/endge-lab/service-kit-go/pkg/errors/app_error.go:153.31,155.32 2 1
github.com/endge-lab/service-kit-go/pkg/errors/app_error.go:155.32,157.3 1 1
github.com/endge-lab/service-kit-go/pkg/errors/app_error.go:158.2,158.27 1 1
github.com/endge-lab/service-kit-go/pkg/errors/app_error.go:162.38,164.32 2 1
github.com/endge-lab/service-kit-go/pkg/errors/app_error.go:164.32,166.3 1 0
github.com/endge-lab/service-kit-go/pkg/errors/app_error.go:167.2,167.34 1 1
github.com/endge-lab/service-kit-go/pkg/errors/app_error.go:171.34,173.59 2 1
github.com/endge-lab/service-kit-go/pkg/errors/app_error.go:173.59,175.3 1 1
github.com/endge-lab/service-kit-go/pkg/errors/app_error.go:176.2,176.33 1 1
github.com/endge-lab/service-kit-go/pkg/errors/app_error.go:180.42,182.32 2 1
github.com/endge-lab/service-kit-go/pkg/errors/app_error.go:182.32,184.3 1 1
github.com/endge-lab/service-kit-go/pkg/errors/app_error.go:185.2,185.12 1 1
github.com/endge-lab/service-kit-go/pkg/errors/app_error.go:188.58,189.23 1 1
github.com/endge-lab/service-kit-go/pkg/errors/app_error.go:189.23,191.3 1 0
github.com/endge-lab/service-kit-go/pkg/errors/app_error.go:193.2,194.34 2 1
github.com/endge-lab/service-kit-go/pkg/errors/app_error.go:194.34,196.3 1 1
github.com/endge-lab/service-kit-go/pkg/errors/app_error.go:198.2,198.15 1 1
github.com/endge-lab/service-kit-go/pkg/migrator/migrator.go:24.70,30.2 1 1
github.com/endge-lab/service-kit-go/pkg/migrator/migrator.go:32.30,34.16 2 0
github.com/endge-lab/service-kit-go/pkg/migrator/migrator.go:34.16,36.3 1 0
github.com/endge-lab/service-kit-go/pkg/migrator/migrator.go:38.2,39.16 2 0
github.com/endge-lab/service-kit-go/pkg/migrator/migrator.go:39.16,41.3 1 0
github.com/endge-lab/service-kit-go/pkg/migrator/migrator.go:43.2,44.16 2 0
github.com/endge-lab/service-kit-go/pkg/migrator/migrator.go:44.16,46.3 1 0
github.com/endge-lab/service-kit-go/pkg/migrator/migrator.go:48.2,50.57 2 0
github.com/endge-lab/service-kit-go/pkg/migrator/migrator.go:50.57,51.45 1 0
github.com/endge-lab/service-kit-go/pkg/migrator/migrator.go:51.45,55.4 2 0
github.com/endge-lab/service-kit-go/pkg/migrator/migrator.go:56.3,58.62 2 0
github.com/endge-lab/service-kit-go/pkg/migrator/migrator.go:61.2,63.12 2 0
github.com/endge-lab/service-kit-go/pkg/migrator/migrator.go:66.32,68.16 2 0
github.com/endge-lab/service-kit-go/pkg/migrator/migrator.go:68.16,70.3 1 0
github.com/endge-lab/service-kit-go/pkg/migrator/migrator.go:72.2,73.16 2 0
github.com/endge-lab/service-kit-go/pkg/migrator/migrator.go:73.16,75.3 1 0
github.com/endge-lab/service-kit-go/pkg/migrator/migrator.go:77.2,78.16 2 0
github.com/endge-lab/service-kit-go/pkg/migrator/migrator.go:78.16,80.3 1 0
github.com/endge-lab/service-kit-go/pkg/migrator/migrator.go:82.2,84.59 2 0
github.com/endge-lab/service-kit-go/pkg/migrator/migrator.go:84.59,85.45 1 0
github.com/endge-lab/service-kit-go/pkg/migrator/migrator.go:85.45,89.4 2 0
github.com/endge-lab/service-kit-go/pkg/migrator/migrator.go:91.3,93.47 2 0
github.com/endge-lab/service-kit-go/pkg/migrator/migrator.go:96.2,98.12 2 0
github.com/endge-lab/service-kit-go/pkg/migrator/migrator.go:101.45,106.39 5 0
github.com/endge-lab/service-kit-go/pkg/migrator/migrator.go:106.39,107.38 1 0
github.com/endge-lab/service-kit-go/pkg/migrator/migrator.go:107.38,110.4 2 0
github.com/endge-lab/service-kit-go/pkg/migrator/migrator.go:111.3,111.13 1 0
github.com/endge-lab/service-kit-go/pkg/migrator/migrator.go:112.29,114.3 1 0
github.com/endge-lab/service-kit-go/pkg/migrator/migrator.go:116.2,116.12 1 0
github.com/endge-lab/service-kit-go/pkg/logging/logger.go:22.49,24.79 2 1
github.com/endge-lab/service-kit-go/pkg/logging/logger.go:24.79,26.3 1 1
github.com/endge-lab/service-kit-go/pkg/logging/logger.go:28.2,28.60 1 1
github.com/endge-lab/service-kit-go/pkg/logging/logger.go:31.87,55.2 3 1
github.com/endge-lab/service-kit-go/pkg/logging/logger.go:58.70,59.19 1 1
github.com/endge-lab/service-kit-go/pkg/logging/logger.go:59.19,61.3 1 1
github.com/endge-lab/service-kit-go/pkg/logging/logger.go:63.2,63.75 1 0
github.com/endge-lab/service-kit-go/pkg/logging/logger.go:67.71,68.19 1 1
github.com/endge-lab/service-kit-go/pkg/logging/logger.go:68.19,70.3 1 1
github.com/endge-lab/service-kit-go/pkg/logging/logger.go:72.2,73.22 2 1
github.com/endge-lab/service-kit-go/pkg/logging/logger.go:73.22,75.3 1 0
github.com/endge-lab/service-kit-go/pkg/logging/logger.go:77.2,77.31 1 1
github.com/endge-lab/service-kit-go/pkg/logging/logger.go:81.62,82.16 1 1
github.com/endge-lab/service-kit-go/pkg/logging/logger.go:82.16,84.3 1 1
github.com/endge-lab/service-kit-go/pkg/logging/logger.go:86.2,86.56 1 1
github.com/endge-lab/service-kit-go/pkg/logging/logger.go:90.55,91.17 1 1
github.com/endge-lab/service-kit-go/pkg/logging/logger.go:91.17,93.3 1 1
github.com/endge-lab/service-kit-go/pkg/logging/logger.go:95.2,96.28 2 1
github.com/endge-lab/service-kit-go/pkg/logging/logger.go:96.28,98.3 1 0
github.com/endge-lab/service-kit-go/pkg/logging/logger.go:100.2,104.42 2 1
github.com/endge-lab/service-kit-go/pkg/logging/logger.go:104.42,106.3 1 1
github.com/endge-lab/service-kit-go/pkg/logging/logger.go:108.2,108.15 1 1
github.com/endge-lab/service-kit-go/pkg/logging/logger.go:111.42,112.51 1 1
github.com/endge-lab/service-kit-go/pkg/logging/logger.go:113.18,114.16 1 1
github.com/endge-lab/service-kit-go/pkg/logging/logger.go:115.15,116.17 1 0
github.com/endge-lab/service-kit-go/pkg/logging/logger.go:117.25,118.16 1 1
github.com/endge-lab/service-kit-go/pkg/logging/logger.go:119.15,120.17 1 0
github.com/endge-lab/service-kit-go/pkg/logging/logger.go:121.10,122.51 1 1
github.com/endge-lab/service-kit-go/pkg/testing/auth_fixture.go:60.78,62.16 2 1
github.com/endge-lab/service-kit-go/pkg/testing/auth_fixture.go:62.16,64.3 1 0
github.com/endge-lab/service-kit-go/pkg/testing/auth_fixture.go:66.2,72.8 1 1
github.com/endge-lab/service-kit-go/pkg/testing/auth_fixture.go:76.73,84.2 1 1
github.com/endge-lab/service-kit-go/pkg/testing/auth_fixture.go:87.72,89.20 2 1
github.com/endge-lab/service-kit-go/pkg/testing/auth_fixture.go:89.20,91.3 1 1
github.com/endge-lab/service-kit-go/pkg/testing/auth_fixture.go:93.2,94.24 2 1
github.com/endge-lab/service-kit-go/pkg/testing/auth_fixture.go:94.24,96.3 1 1
github.com/endge-lab/service-kit-go/pkg/testing/auth_fixture.go:98.2,121.41 4 1
github.com/endge-lab/service-kit-go/pkg/testing/auth_fixture.go:125.50,151.71 4 1
github.com/endge-lab/service-kit-go/pkg/testing/auth_fixture.go:151.71,154.3 2 1
github.com/endge-lab/service-kit-go/pkg/db/postgres/postgres.go:30.54,31.26 1 1
github.com/endge-lab/service-kit-go/pkg/db/postgres/postgres.go:31.26,33.3 1 1
github.com/endge-lab/service-kit-go/pkg/db/postgres/postgres.go:37.38,38.26 1 1
github.com/endge-lab/service-kit-go/pkg/db/postgres/postgres.go:38.26,40.3 1 1
github.com/endge-lab/service-kit-go/pkg/db/postgres/postgres.go:44.44,45.26 1 1
github.com/endge-lab/service-kit-go/pkg/db/postgres/postgres.go:45.26,47.3 1 1
github.com/endge-lab/service-kit-go/pkg/db/postgres/postgres.go:56.26,74.29 3 1
github.com/endge-lab/service-kit-go/pkg/db/postgres/postgres.go:74.29,76.3 1 1
github.com/endge-lab/service-kit-go/pkg/db/postgres/postgres.go:78.2,78.43 1 1
github.com/endge-lab/service-kit-go/pkg/db/postgres/postgres.go:78.43,80.17 2 1
github.com/endge-lab/service-kit-go/pkg/db/postgres/postgres.go:80.17,83.4 2 1
github.com/endge-lab/service-kit-go/pkg/db/postgres/postgres.go:85.3,85.70 1 0
github.com/endge-lab/service-kit-go/pkg/db/postgres/postgres.go:85.70,87.18 2 0
github.com/endge-lab/service-kit-go/pkg/db/postgres/postgres.go:87.18,89.5 1 0
github.com/endge-lab/service-kit-go/pkg/db/postgres/postgres.go:90.4,90.14 1 0
github.com/endge-lab/service-kit-go/pkg/db/postgres/postgres.go:93.3,94.17 2 0
github.com/endge-lab/service-kit-go/pkg/db/postgres/postgres.go:94.17,97.4 2 0
github.com/endge-lab/service-kit-go/pkg/db/postgres/postgres.go:99.3,99.39 1 0
github.com/endge-lab/service-kit-go/pkg/db/postgres/postgres.go:99.39,103.4 3 0
github.com/endge-lab/service-kit-go/pkg/db/postgres/postgres.go:105.3,105.19 1 0
github.com/endge-lab/service-kit-go/pkg/db/postgres/postgres.go:108.2,111.22 3 1
github.com/endge-lab/service-kit-go/pkg/db/postgres/postgres.go:111.22,112.68 1 1
github.com/endge-lab/service-kit-go/pkg/db/postgres/postgres.go:112.68,114.4 1 0
github.com/endge-lab/service-kit-go/pkg/db/postgres/postgres.go:115.3,115.21 1 1
github.com/endge-lab/service-kit-go/pkg/db/postgres/postgres.go:115.21,117.4 1 1
github.com/endge-lab/service-kit-go/pkg/db/postgres/postgres.go:119.3,121.10 3 0
github.com/endge-lab/service-kit-go/pkg/db/postgres/postgres.go:121.10,123.4 1 0
github.com/endge-lab/service-kit-go/pkg/db/postgres/postgres.go:124.8,126.17 2 1
github.com/endge-lab/service-kit-go/pkg/db/postgres/postgres.go:126.17,128.4 1 1
github.com/endge-lab/service-kit-go/pkg/db/postgres/postgres.go:131.2,132.43 1 0
github.com/endge-lab/service-kit-go/pkg/db/postgres/postgres.go:132.43,136.4 3 0
github.com/endge-lab/service-kit-go/pkg/db/postgres/postgres.go:139.2,139.51 1 0
github.com/endge-lab/service-kit-go/pkg/db/postgres/postgres.go:139.51,140.54 1 0
github.com/endge-lab/service-kit-go/pkg/db/postgres/postgres.go:140.54,142.18 2 0
github.com/endge-lab/service-kit-go/pkg/db/postgres/postgres.go:142.18,145.5 2 0
github.com/endge-lab/service-kit-go/pkg/db/postgres/postgres.go:147.4,147.55 1 0
github.com/endge-lab/service-kit-go/pkg/db/postgres/postgres.go:147.55,150.5 2 0
github.com/endge-lab/service-kit-go/pkg/db/postgres/postgres.go:154.2,154.18 1 0
github.com/endge-lab/service-kit-go/pkg/db/postgres/postgres.go:157.72,159.2 1 0
github.com/endge-lab/service-kit-go/pkg/telemetry/providers.go:46.92,48.16 2 1
github.com/endge-lab/service-kit-go/pkg/telemetry/providers.go:48.16,50.3 1 0
github.com/endge-lab/service-kit-go/pkg/telemetry/providers.go:52.2,59.16 4 1
github.com/endge-lab/service-kit-go/pkg/telemetry/providers.go:59.16,61.3 1 0
github.com/endge-lab/service-kit-go/pkg/telemetry/providers.go:62.2,65.16 3 1
github.com/endge-lab/service-kit-go/pkg/telemetry/providers.go:65.16,67.3 1 0
github.com/endge-lab/service-kit-go/pkg/telemetry/providers.go:68.2,75.8 2 1
github.com/endge-lab/service-kit-go/pkg/telemetry/providers.go:79.51,80.14 1 1
github.com/endge-lab/service-kit-go/pkg/telemetry/providers.go:80.14,82.3 1 1
github.com/endge-lab/service-kit-go/pkg/telemetry/providers.go:84.2,84.19 1 1
github.com/endge-lab/service-kit-go/pkg/telemetry/providers.go:88.64,89.37 1 1
github.com/endge-lab/service-kit-go/pkg/telemetry/providers.go:89.37,94.3 1 1
github.com/endge-lab/service-kit-go/pkg/telemetry/providers.go:96.2,96.21 1 0
github.com/endge-lab/service-kit-go/pkg/telemetry/providers.go:100.54,101.41 1 1
github.com/endge-lab/service-kit-go/pkg/telemetry/providers.go:101.41,103.3 1 1
github.com/endge-lab/service-kit-go/pkg/telemetry/providers.go:105.2,105.57 1 1
github.com/endge-lab/service-kit-go/pkg/telemetry/providers.go:109.53,110.40 1 1
github.com/endge-lab/service-kit-go/pkg/telemetry/providers.go:110.40,112.3 1 1
github.com/endge-lab/service-kit-go/pkg/telemetry/providers.go:114.2,114.55 1 1
github.com/endge-lab/service-kit-go/pkg/telemetry/providers.go:118.57,119.14 1 1
github.com/endge-lab/service-kit-go/pkg/telemetry/providers.go:119.14,121.3 1 1
github.com/endge-lab/service-kit-go/pkg/telemetry/providers.go:123.2,124.28 2 1
github.com/endge-lab/service-kit-go/pkg/telemetry/providers.go:124.28,125.74 1 1
github.com/endge-lab/service-kit-go/pkg/telemetry/providers.go:125.74,127.4 1 0
github.com/endge-lab/service-kit-go/pkg/telemetry/providers.go:130.2,130.29 1 1
github.com/endge-lab/service-kit-go/pkg/telemetry/providers.go:130.29,131.75 1 1
github.com/endge-lab/service-kit-go/pkg/telemetry/providers.go:131.75,133.4 1 0
github.com/endge-lab/service-kit-go/pkg/telemetry/providers.go:136.2,136.17 1 1
github.com/endge-lab/service-kit-go/pkg/telemetry/providers.go:139.58,148.2 1 1
github.com/endge-lab/service-kit-go/pkg/telemetry/providers.go:150.134,152.73 2 1
github.com/endge-lab/service-kit-go/pkg/telemetry/providers.go:152.73,154.3 1 0
github.com/endge-lab/service-kit-go/pkg/telemetry/providers.go:156.2,157.20 2 1
github.com/endge-lab/service-kit-go/pkg/telemetry/providers.go:157.20,158.20 1 1
github.com/endge-lab/service-kit-go/pkg/telemetry/providers.go:158.20,160.4 1 1
github.com/endge-lab/service-kit-go/pkg/telemetry/providers.go:161.3,164.9 1 1
github.com/endge-lab/service-kit-go/pkg/telemetry/providers.go:167.2,171.22 2 0
github.com/endge-lab/service-kit-go/pkg/telemetry/providers.go:171.22,173.3 1 0
github.com/endge-lab/service-kit-go/pkg/telemetry/providers.go:175.2,176.16 2 0
github.com/endge-lab/service-kit-go/pkg/telemetry/providers.go:176.16,178.3 1 0
github.com/endge-lab/service-kit-go/pkg/telemetry/providers.go:180.2,184.8 1 0
github.com/endge-lab/service-kit-go/pkg/telemetry/providers.go:187.134,189.20 2 1
github.com/endge-lab/service-kit-go/pkg/telemetry/providers.go:189.20,190.20 1 1
github.com/endge-lab/service-kit-go/pkg/telemetry/providers.go:190.20,192.4 1 1
github.com/endge-lab/service-kit-go/pkg/telemetry/providers.go:193.3,195.9 1 1
github.com/endge-lab/service-kit-go/pkg/telemetry/providers.go:198.2,202.22 2 0
github.com/endge-lab/service-kit-go/pkg/telemetry/providers.go:202.22,204.3 1 0
github.com/endge-lab/service-kit-go/pkg/telemetry/providers.go:206.2,207.16 2 0
github.com/endge-lab/service-kit-go/pkg/telemetry/providers.go:207.16,209.3 1 0
github.com/endge-lab/service-kit-go/pkg/telemetry/providers.go:211.2,212.19 2 0
github.com/endge-lab/service-kit-go/pkg/telemetry/providers.go:212.19,214.3 1 0
github.com/endge-lab/service-kit-go/pkg/telemetry/providers.go:216.2,219.8 1 0
github.com/endge-lab/service-kit-go/pkg/telemetry/trace.go:24.146,25.19 1 1
github.com/endge-lab/service-kit-go/pkg/telemetry/trace.go:25.19,27.3 1 1
github.com/endge-lab/service-kit-go/pkg/telemetry/trace.go:29.2,31.19 3 1
github.com/endge-lab/service-kit-go/pkg/telemetry/trace.go:31.19,33.3 1 1
github.com/endge-lab/service-kit-go/pkg/telemetry/trace.go:35.2,39.3 1 1
github.com/endge-lab/service-kit-go/pkg/telemetry/trace.go:43.31,44.31 1 1
github.com/endge-lab/service-kit-go/pkg/telemetry/trace.go:44.31,46.3 1 1
github.com/endge-lab/service-kit-go/pkg/telemetry/trace.go:47.2,52.16 4 1
github.com/endge-lab/service-kit-go/pkg/telemetry/trace.go:52.16,59.52 4 1
github.com/endge-lab/service-kit-go/pkg/telemetry/trace.go:59.52,61.4 1 1
github.com/endge-lab/service-kit-go/pkg/telemetry/trace.go:62.3,62.22 1 1
github.com/endge-lab/service-kit-go/pkg/telemetry/trace.go:62.22,64.4 1 1
github.com/endge-lab/service-kit-go/pkg/telemetry/trace.go:65.3,65.9 1 1
github.com/endge-lab/service-kit-go/pkg/telemetry/trace.go:68.2,69.21 2 1
github.com/endge-lab/service-kit-go/pkg/telemetry/trace.go:69.21,71.3 1 1
github.com/endge-lab/service-kit-go/pkg/telemetry/trace.go:75.32,76.45 1 1
github.com/endge-lab/service-kit-go/pkg/telemetry/trace.go:76.45,78.3 1 1
github.com/endge-lab/service-kit-go/pkg/telemetry/trace.go:80.2,82.51 3 1
github.com/endge-lab/service-kit-go/pkg/telemetry/trace.go:82.51,84.3 1 1
github.com/endge-lab/service-kit-go/pkg/telemetry/trace.go:88.64,89.31 1 1
github.com/endge-lab/service-kit-go/pkg/telemetry/trace.go:89.31,91.3 1 1
github.com/endge-lab/service-kit-go/pkg/telemetry/trace.go:93.2,94.21 2 1
github.com/endge-lab/service-kit-go/pkg/telemetry/trace.go:94.21,101.3 3 1
github.com/endge-lab/service-kit-go/pkg/db/redis/redis.go:20.54,21.26 1 1
github.com/endge-lab/service-kit-go/pkg/db/redis/redis.go:21.26,23.3 1 1
github.com/endge-lab/service-kit-go/pkg/db/redis/redis.go:31.26,33.29 2 1
github.com/endge-lab/service-kit-go/pkg/db/redis/redis.go:33.29,35.3 1 1
github.com/endge-lab/service-kit-go/pkg/db/redis/redis.go:37.2,37.48 1 1
github.com/endge-lab/service-kit-go/pkg/db/redis/redis.go:37.48,43.31 2 1
github.com/endge-lab/service-kit-go/pkg/db/redis/redis.go:43.31,45.4 1 1
github.com/endge-lab/service-kit-go/pkg/db/redis/redis.go:47.3,47.31 1 1
github.com/endge-lab/service-kit-go/pkg/db/redis/redis.go:47.31,49.4 1 1
github.com/endge-lab/service-kit-go/pkg/db/redis/redis.go:51.3,54.45 2 1
github.com/endge-lab/service-kit-go/pkg/db/redis/redis.go:54.45,58.5 2 1
github.com/endge-lab/service-kit-go/pkg/db/redis/redis.go:59.44,63.5 2 1
github.com/endge-lab/service-kit-go/pkg/db/redis/redis.go:66.3,66.21 1 1
github.com/endge-lab/service-kit-go/pkg/db/redis/redis.go:69.2,69.22 1 1
github.com/endge-lab/service-kit-go/pkg/db/redis/redis.go:69.22,70.64 1 1
github.com/endge-lab/service-kit-go/pkg/db/redis/redis.go:70.64,72.4 1 1
github.com/endge-lab/service-kit-go/pkg/db/redis/redis.go:73.3,73.17 1 1
github.com/endge-lab/service-kit-go/pkg/db/redis/redis.go:73.17,75.4 1 1
github.com/endge-lab/service-kit-go/pkg/db/redis/redis.go:77.3,77.37 1 1
github.com/endge-lab/service-kit-go/pkg/db/redis/redis.go:80.2,81.16 2 1
github.com/endge-lab/service-kit-go/pkg/db/redis/redis.go:81.16,83.3 1 0
github.com/endge-lab/service-kit-go/pkg/db/redis/redis.go:85.2,85.20 1 1
github.com/endge-lab/service-kit-go/pkg/validator/validator.go:24.42,26.2 1 1
github.com/endge-lab/service-kit-go/pkg/validator/validator.go:28.58,30.25 2 1
github.com/endge-lab/service-kit-go/pkg/validator/validator.go:30.25,32.3 1 1
github.com/endge-lab/service-kit-go/pkg/validator/validator.go:33.2,33.19 1 1
github.com/endge-lab/service-kit-go/pkg/validator/validator.go:42.37,47.2 1 1
github.com/endge-lab/service-kit-go/pkg/validator/validator.go:53.38,56.63 2 1
github.com/endge-lab/service-kit-go/pkg/validator/validator.go:56.63,58.32 2 1
github.com/endge-lab/service-kit-go/pkg/validator/validator.go:58.32,60.4 1 1
github.com/endge-lab/service-kit-go/pkg/validator/validator.go:61.3,61.14 1 1
github.com/endge-lab/service-kit-go/pkg/validator/validator.go:63.2,63.76 1 1
github.com/endge-lab/service-kit-go/pkg/validator/validator.go:63.76,65.10 2 1
github.com/endge-lab/service-kit-go/pkg/validator/validator.go:65.10,67.4 1 0
github.com/endge-lab/service-kit-go/pkg/validator/validator.go:68.3,68.28 1 1
github.com/endge-lab/service-kit-go/pkg/validator/validator.go:70.2,70.31 1 1
github.com/endge-lab/service-kit-go/pkg/validator/validator.go:73.55,74.15 1 1
github.com/endge-lab/service-kit-go/pkg/validator/validator.go:74.15,75.31 1 1
github.com/endge-lab/service-kit-go/pkg/validator/validator.go:75.31,76.30 1 0
github.com/endge-lab/service-kit-go/pkg/validator/validator.go:76.30,78.5 1 0
github.com/endge-lab/service-kit-go/pkg/validator/validator.go:78.10,80.5 1 0
github.com/endge-lab/service-kit-go/pkg/validator/validator.go:84.2,84.38 1 1
github.com/endge-lab/service-kit-go/pkg/validator/validator.go:84.38,86.30 2 1
github.com/endge-lab/service-kit-go/pkg/validator/validator.go:86.30,88.4 1 0
github.com/endge-lab/service-kit-go/pkg/validator/validator.go:89.3,90.28 2 1
github.com/endge-lab/service-kit-go/pkg/validator/validator.go:90.28,92.4 1 1
github.com/endge-lab/service-kit-go/pkg/validator/validator.go:93.3,93.42 1 1
github.com/endge-lab/service-kit-go/pkg/validator/validator.go:95.2,95.12 1 1
github.com/endge-lab/service-kit-go/pkg/validator/validator.go:98.74,99.15 1 1
github.com/endge-lab/service-kit-go/pkg/validator/validator.go:99.15,100.31 1 1
github.com/endge-lab/service-kit-go/pkg/validator/validator.go:100.31,101.30 1 1
github.com/endge-lab/service-kit-go/pkg/validator/validator.go:101.30,103.5 1 0
github.com/endge-lab/service-kit-go/pkg/validator/validator.go:103.10,105.5 1 1
github.com/endge-lab/service-kit-go/pkg/validator/validator.go:109.2,109.42 1 1
github.com/endge-lab/service-kit-go/pkg/validator/validator.go:109.42,111.29 2 1
github.com/endge-lab/service-kit-go/pkg/validator/validator.go:111.29,113.4 1 0
github.com/endge-lab/service-kit-go/pkg/validator/validator.go:114.3,115.27 2 1
github.com/endge-lab/service-kit-go/pkg/validator/validator.go:115.27,117.17 2 1
github.com/endge-lab/service-kit-go/pkg/validator/validator.go:117.17,119.5 1 1
github.com/endge-lab/service-kit-go/pkg/validator/validator.go:120.4,120.39 1 1
github.com/endge-lab/service-kit-go/pkg/validator/validator.go:122.3,122.42 1 1
github.com/endge-lab/service-kit-go/pkg/validator/validator.go:124.2,124.12 1 1
github.com/endge-lab/service-kit-go/pkg/validator/validator.go:127.78,128.19 1 1
github.com/endge-lab/service-kit-go/pkg/validator/validator.go:129.18,130.26 1 1
github.com/endge-lab/service-kit-go/pkg/validator/validator.go:131.15,132.32 1 1
github.com/endge-lab/service-kit-go/pkg/validator/validator.go:133.13,134.37 1 1
github.com/endge-lab/service-kit-go/pkg/validator/validator.go:135.13,136.37 1 1
github.com/endge-lab/service-kit-go/pkg/validator/validator.go:137.13,138.63 1 1
github.com/endge-lab/service-kit-go/pkg/validator/validator.go:139.15,140.48 1 1
github.com/endge-lab/service-kit-go/pkg/validator/validator.go:141.13,142.59 1 1
github.com/endge-lab/service-kit-go/pkg/validator/validator.go:143.12,144.47 1 1
github.com/endge-lab/service-kit-go/pkg/validator/validator.go:145.13,146.56 1 1
github.com/endge-lab/service-kit-go/pkg/validator/validator.go:147.12,148.44 1 1
github.com/endge-lab/service-kit-go/pkg/validator/validator.go:149.14,150.32 1 1
github.com/endge-lab/service-kit-go/pkg/validator/validator.go:151.18,152.35 1 1
github.com/endge-lab/service-kit-go/pkg/validator/validator.go:153.10,154.52 1 1
github.com/endge-lab/service-kit-go/pkg/redpanda/client.go:36.98,38.28 2 1
github.com/endge-lab/service-kit-go/pkg/redpanda/client.go:38.28,39.18 1 0
github.com/endge-lab/service-kit-go/pkg/redpanda/client.go:39.18,44.4 1 0
github.com/endge-lab/service-kit-go/pkg/redpanda/client.go:44.9,46.4 1 0
github.com/endge-lab/service-kit-go/pkg/redpanda/client.go:49.2,49.23 1 1
github.com/endge-lab/service-kit-go/pkg/redpanda/client.go:49.23,54.3 1 1
github.com/endge-lab/service-kit-go/pkg/redpanda/client.go:56.2,67.3 1 1
github.com/endge-lab/service-kit-go/pkg/redpanda/client.go:71.33,73.2 1 1
github.com/endge-lab/service-kit-go/pkg/redpanda/client.go:76.81,77.18 1 1
github.com/endge-lab/service-kit-go/pkg/redpanda/client.go:77.18,79.3 1 1
github.com/endge-lab/service-kit-go/pkg/redpanda/client.go:81.2,90.9 1 1
github.com/endge-lab/service-kit-go/pkg/redpanda/client.go:94.65,95.18 1 1
github.com/endge-lab/service-kit-go/pkg/redpanda/client.go:95.18,97.3 1 1
github.com/endge-lab/service-kit-go/pkg/redpanda/client.go:99.2,110.8 1 1
github.com/endge-lab/service-kit-go/pkg/redpanda/client.go:114.117,116.37 2 1
github.com/endge-lab/service-kit-go/pkg/redpanda/client.go:116.37,118.3 1 1
github.com/endge-lab/service-kit-go/pkg/redpanda/client.go:120.2,121.46 2 1
github.com/endge-lab/service-kit-go/pkg/redpanda/client.go:121.46,123.3 1 1
github.com/endge-lab/service-kit-go/pkg/redpanda/client.go:125.2,130.3 1 1
github.com/endge-lab/service-kit-go/pkg/redpanda/client.go:134.93,136.37 2 1
github.com/endge-lab/service-kit-go/pkg/redpanda/client.go:136.37,138.3 1 1
github.com/endge-lab/service-kit-go/pkg/redpanda/client.go:140.2,140.43 1 1
github.com/endge-lab/service-kit-go/pkg/redpanda/client.go:143.44,148.2 1 1
github.com/endge-lab/service-kit-go/pkg/redpanda/client.go:154.54,156.2 1 1
github.com/endge-lab/service-kit-go/pkg/redpanda/client.go:158.57,159.21 1 1
github.com/endge-lab/service-kit-go/pkg/redpanda/client.go:159.21,161.3 1 1
github.com/endge-lab/service-kit-go/pkg/redpanda/client.go:163.2,163.69 1 0
github.com/endge-lab/service-kit-go/pkg/redpanda/client.go:168.52,169.27 1 1
github.com/endge-lab/service-kit-go/pkg/redpanda/client.go:169.27,170.41 1 1
github.com/endge-lab/service-kit-go/pkg/redpanda/client.go:170.41,172.4 1 1
github.com/endge-lab/service-kit-go/pkg/redpanda/client.go:174.2,174.11 1 1
github.com/endge-lab/service-kit-go/pkg/redpanda/client.go:177.60,177.61 0 1
github.com/endge-lab/service-kit-go/pkg/redpanda/client.go:179.45,181.27 2 1
github.com/endge-lab/service-kit-go/pkg/redpanda/client.go:181.27,183.3 1 1
github.com/endge-lab/service-kit-go/pkg/redpanda/client.go:184.2,184.13 1 1
github.com/endge-lab/service-kit-go/pkg/redpanda/client.go:189.65,191.34 2 1
github.com/endge-lab/service-kit-go/pkg/redpanda/client.go:191.34,193.23 2 1
github.com/endge-lab/service-kit-go/pkg/redpanda/client.go:193.23,194.12 1 1
github.com/endge-lab/service-kit-go/pkg/redpanda/client.go:196.3,196.49 1 1
github.com/endge-lab/service-kit-go/pkg/redpanda/client.go:198.2,198.16 1 1
github.com/endge-lab/service-kit-go/pkg/redpanda/client.go:201.44,203.2 1 1
github.com/endge-lab/service-kit-go/pkg/redpanda/client.go:205.51,207.2 1 1
github.com/endge-lab/service-kit-go/pkg/redpanda/client.go:209.37,211.21 2 1
github.com/endge-lab/service-kit-go/pkg/redpanda/client.go:211.21,213.3 1 1
github.com/endge-lab/service-kit-go/pkg/redpanda/client.go:214.2,214.13 1 1
github.com/endge-lab/service-kit-go/pkg/redpanda/client.go:217.49,220.34 3 1
github.com/endge-lab/service-kit-go/pkg/redpanda/client.go:220.34,222.18 2 1
github.com/endge-lab/service-kit-go/pkg/redpanda/client.go:222.18,223.12 1 1
github.com/endge-lab/service-kit-go/pkg/redpanda/client.go:225.3,226.29 2 1
github.com/endge-lab/service-kit-go/pkg/redpanda/client.go:226.29,227.12 1 1
github.com/endge-lab/service-kit-go/pkg/redpanda/client.go:229.3,230.33 2 1
github.com/endge-lab/service-kit-go/pkg/redpanda/client.go:232.2,232.15 1 1
github.com/endge-lab/service-kit-go/pkg/redpanda/client.go:235.82,236.16 1 1
github.com/endge-lab/service-kit-go/pkg/redpanda/client.go:236.16,238.3 1 1
github.com/endge-lab/service-kit-go/pkg/redpanda/client.go:239.2,239.14 1 1
github.com/endge-lab/service-kit-go/pkg/httpkit/fiber/lifecycle.go:13.92,17.44 2 1
github.com/endge-lab/service-kit-go/pkg/httpkit/fiber/lifecycle.go:17.44,18.14 1 0
github.com/endge-lab/service-kit-go/pkg/httpkit/fiber/lifecycle.go:18.14,19.44 1 0
github.com/endge-lab/service-kit-go/pkg/httpkit/fiber/lifecycle.go:19.44,20.25 1 0
github.com/endge-lab/service-kit-go/pkg/httpkit/fiber/lifecycle.go:20.25,21.24 1 0
github.com/endge-lab/service-kit-go/pkg/httpkit/fiber/lifecycle.go:21.24,23.8 1 0
github.com/endge-lab/service-kit-go/pkg/httpkit/fiber/lifecycle.go:24.7,24.13 1 0
github.com/endge-lab/service-kit-go/pkg/httpkit/fiber/lifecycle.go:26.6,26.23 1 0
github.com/endge-lab/service-kit-go/pkg/httpkit/fiber/lifecycle.go:26.23,28.7 1 0
github.com/endge-lab/service-kit-go/pkg/httpkit/fiber/lifecycle.go:31.4,31.21 1 0
github.com/endge-lab/service-kit-go/pkg/httpkit/fiber/lifecycle.go:31.21,33.5 1 0
github.com/endge-lab/service-kit-go/pkg/httpkit/fiber/lifecycle.go:34.4,34.14 1 0
github.com/endge-lab/service-kit-go/pkg/httpkit/fiber/lifecycle.go:36.43,38.21 2 1
github.com/endge-lab/service-kit-go/pkg/httpkit/fiber/lifecycle.go:38.21,40.5 1 1
github.com/endge-lab/service-kit-go/pkg/httpkit/fiber/lifecycle.go:41.4,41.39 1 1
github.com/endge-lab/service-kit-go/pkg/httpkit/fiber/middleware.go:22.59,24.16 2 1
github.com/endge-lab/service-kit-go/pkg/httpkit/fiber/middleware.go:24.16,26.3 1 1
github.com/endge-lab/service-kit-go/pkg/httpkit/fiber/middleware.go:28.2,28.34 1 1
github.com/endge-lab/service-kit-go/pkg/httpkit/fiber/middleware.go:28.34,30.22 2 1
github.com/endge-lab/service-kit-go/pkg/httpkit/fiber/middleware.go:30.22,32.4 1 1
github.com/endge-lab/service-kit-go/pkg/httpkit/fiber/middleware.go:34.3,39.18 5 1
github.com/endge-lab/service-kit-go/pkg/httpkit/fiber/middleware.go:44.119,45.34 1 1
github.com/endge-lab/service-kit-go/pkg/httpkit/fiber/middleware.go:45.34,47.22 2 1
github.com/endge-lab/service-kit-go/pkg/httpkit/fiber/middleware.go:47.22,49.4 1 1
github.com/endge-lab/service-kit-go/pkg/httpkit/fiber/middleware.go:51.3,56.13 5 1
github.com/endge-lab/service-kit-go/pkg/httpkit/fiber/middleware.go:61.64,62.34 1 1
github.com/endge-lab/service-kit-go/pkg/httpkit/fiber/middleware.go:62.34,69.36 6 1
github.com/endge-lab/service-kit-go/pkg/httpkit/fiber/middleware.go:69.36,71.4 1 0
github.com/endge-lab/service-kit-go/pkg/httpkit/fiber/middleware.go:73.3,84.80 2 1
github.com/endge-lab/service-kit-go/pkg/httpkit/fiber/middleware.go:84.80,86.4 1 1
github.com/endge-lab/service-kit-go/pkg/httpkit/fiber/middleware.go:87.3,87.71 1 1
github.com/endge-lab/service-kit-go/pkg/httpkit/fiber/middleware.go:87.71,89.4 1 1
github.com/endge-lab/service-kit-go/pkg/httpkit/fiber/middleware.go:90.3,90.80 1 1
github.com/endge-lab/service-kit-go/pkg/httpkit/fiber/middleware.go:90.80,92.4 1 1
github.com/endge-lab/service-kit-go/pkg/httpkit/fiber/middleware.go:94.3,94.10 1 1
github.com/endge-lab/service-kit-go/pkg/httpkit/fiber/middleware.go:95.68,96.73 1 1
github.com/endge-lab/service-kit-go/pkg/httpkit/fiber/middleware.go:97.45,98.69 1 1
github.com/endge-lab/service-kit-go/pkg/httpkit/fiber/middleware.go:99.11,100.51 1 1
github.com/endge-lab/service-kit-go/pkg/httpkit/fiber/middleware.go:103.3,103.13 1 1
github.com/endge-lab/service-kit-go/pkg/httpkit/fiber/middleware.go:114.77,119.16 2 1
github.com/endge-lab/service-kit-go/pkg/httpkit/fiber/middleware.go:119.16,121.3 1 0
github.com/endge-lab/service-kit-go/pkg/httpkit/fiber/middleware.go:123.2,128.16 2 1
github.com/endge-lab/service-kit-go/pkg/httpkit/fiber/middleware.go:128.16,130.3 1 0
github.com/endge-lab/service-kit-go/pkg/httpkit/fiber/middleware.go:132.2,136.16 2 1
github.com/endge-lab/service-kit-go/pkg/httpkit/fiber/middleware.go:136.16,138.3 1 0
github.com/endge-lab/service-kit-go/pkg/httpkit/fiber/middleware.go:140.2,145.26 2 1
github.com/endge-lab/service-kit-go/pkg/httpkit/fiber/middleware.go:149.50,150.34 1 1
github.com/endge-lab/service-kit-go/pkg/httpkit/fiber/middleware.go:150.34,159.36 7 1
github.com/endge-lab/service-kit-go/pkg/httpkit/fiber/middleware.go:159.36,161.4 1 0
github.com/endge-lab/service-kit-go/pkg/httpkit/fiber/middleware.go:163.3,164.18 2 1
github.com/endge-lab/service-kit-go/pkg/httpkit/fiber/middleware.go:164.18,166.4 1 0
github.com/endge-lab/service-kit-go/pkg/httpkit/fiber/middleware.go:168.3,177.13 4 1
github.com/endge-lab/service-kit-go/pkg/httpkit/fiber/middleware.go:182.59,185.40 2 1
github.com/endge-lab/service-kit-go/pkg/httpkit/fiber/middleware.go:185.40,186.16 1 1
github.com/endge-lab/service-kit-go/pkg/httpkit/fiber/middleware.go:186.16,188.24 2 1
github.com/endge-lab/service-kit-go/pkg/httpkit/fiber/middleware.go:188.24,190.5 1 1
github.com/endge-lab/service-kit-go/pkg/httpkit/fiber/middleware.go:192.4,193.30 2 1
github.com/endge-lab/service-kit-go/pkg/httpkit/fiber/middleware.go:193.30,195.5 1 1
github.com/endge-lab/service-kit-go/pkg/httpkit/fiber/middleware.go:196.4,196.119 1 1
github.com/endge-lab/service-kit-go/pkg/httpkit/fiber/middleware.go:199.3,199.18 1 1
github.com/endge-lab/service-kit-go/pkg/httpkit/fiber/middleware.go:204.66,207.45 2 1
github.com/endge-lab/service-kit-go/pkg/httpkit/fiber/middleware.go:207.45,208.17 1 1
github.com/endge-lab/service-kit-go/pkg/httpkit/fiber/middleware.go:208.17,210.4 1 0
github.com/endge-lab/service-kit-go/pkg/httpkit/fiber/middleware.go:212.3,214.89 3 1
github.com/endge-lab/service-kit-go/pkg/httpkit/fiber/middleware.go:214.89,216.4 1 1
github.com/endge-lab/service-kit-go/pkg/httpkit/fiber/middleware.go:218.3,222.5 1 1
github.com/endge-lab/service-kit-go/pkg/httpkit/fiber/middleware.go:227.51,228.34 1 1
github.com/endge-lab/service-kit-go/pkg/httpkit/fiber/middleware.go:228.34,230.3 1 1
github.com/endge-lab/service-kit-go/pkg/httpkit/fiber/middleware.go:234.36,235.34 1 1
github.com/endge-lab/service-kit-go/pkg/httpkit/fiber/middleware.go:235.34,237.3 1 1
github.com/endge-lab/service-kit-go/pkg/httpkit/fiber/middleware.go:240.37,241.38 1 1
github.com/endge-lab/service-kit-go/pkg/httpkit/fiber/middleware.go:241.38,243.3 1 1
github.com/endge-lab/service-kit-go/pkg/httpkit/fiber/middleware.go:245.2,245.11 1 0
github.com/endge-lab/service-kit-go/pkg/httpkit/fiber/middleware.go:249.82,251.2 1 1
